============================= test session starts ==============================
platform linux -- Python 3.12.3, pytest-9.0.2, pluggy-1.6.0 -- /home/nvidia/ClawBrain/venv/bin/python3
cachedir: .pytest_cache
metadata: {'Python': '3.12.3', 'Platform': 'Linux-6.17.0-19-generic-x86_64-with-glibc2.39', 'Packages': {'pytest': '9.0.2', 'pluggy': '1.6.0'}, 'Plugins': {'metadata': '3.1.1', 'json-report': '1.5.0', 'anyio': '4.13.0'}}
rootdir: /home/nvidia/ClawBrain
plugins: metadata-3.1.1, json-report-1.5.0, anyio-4.13.0
collecting ... collected 2 items

tests/test_scout.py::test_tier_classification FAILED
tests/test_scout.py::test_cache_logic FAILED

=================================== FAILURES ===================================
___________________________ test_tier_classification ___________________________
async def functions are not natively supported.
You need to install a suitable plugin for your async framework, for example:
  - anyio
  - pytest-asyncio
  - pytest-tornasync
  - pytest-trio
  - pytest-twisted
_______________________________ test_cache_logic _______________________________
async def functions are not natively supported.
You need to install a suitable plugin for your async framework, for example:
  - anyio
  - pytest-asyncio
  - pytest-tornasync
  - pytest-trio
  - pytest-twisted
=============================== warnings summary ===============================
tests/test_scout.py:13
  /home/nvidia/ClawBrain/tests/test_scout.py:13: PytestUnknownMarkWarning: Unknown pytest.mark.asyncio - is this a typo?  You can register custom marks to avoid this warning - for details, see https://docs.pytest.org/en/stable/how-to/mark.html
    @pytest.mark.asyncio

tests/test_scout.py:35
  /home/nvidia/ClawBrain/tests/test_scout.py:35: PytestUnknownMarkWarning: Unknown pytest.mark.asyncio - is this a typo?  You can register custom marks to avoid this warning - for details, see https://docs.pytest.org/en/stable/how-to/mark.html
    @pytest.mark.asyncio

-- Docs: https://docs.pytest.org/en/stable/how-to/capture-warnings.html
=========================== short test summary info ============================
FAILED tests/test_scout.py::test_tier_classification - Failed: async def func...
FAILED tests/test_scout.py::test_cache_logic - Failed: async def functions ar...
======================== 2 failed, 2 warnings in 0.02s =========================
